This is pdfTeX, Version 3.14159265-2.6-1.40.17 (MiKTeX 2.9.6100 64-bit) (preloaded format=pdflatex 2017.2.22)  5 NOV 2019 07:25
entering extended mode
**"./final report ML.tex"
("final report ML.tex"
LaTeX2e <2016/03/31> patch level 3
Babel <3.9r> and hyphenation patterns for 75 language(s) loaded.
("C:\Program Files\MiKTeX 2.9\tex\latex\base\article.cls"
Document Class: article 2014/09/29 v1.4h Standard LaTeX document class
("C:\Program Files\MiKTeX 2.9\tex\latex\base\size10.clo"
File: size10.clo 2014/09/29 v1.4h Standard LaTeX file (size option)
)
\c@part=\count79
\c@section=\count80
\c@subsection=\count81
\c@subsubsection=\count82
\c@paragraph=\count83
\c@subparagraph=\count84
\c@figure=\count85
\c@table=\count86
\abovecaptionskip=\skip41
\belowcaptionskip=\skip42
\bibindent=\dimen102
)
("C:\Program Files\MiKTeX 2.9\tex\latex\blindtext\blindtext.sty"
Package: blindtext 2012/01/06 V2.0 blindtext-Package

("C:\Program Files\MiKTeX 2.9\tex\latex\tools\xspace.sty"
Package: xspace 2014/10/28 v1.13 Space after command names (DPC,MH)
)
\c@blindtext=\count87
\c@Blindtext=\count88
\c@blind@countparstart=\count89
\blind@countxx=\count90
\blindtext@numBlindtext=\count91
\blind@countyy=\count92
\c@blindlist=\count93
\c@blindlistlevel=\count94
\c@blindlist@level=\count95
\blind@listitem=\count96
\c@blind@listcount=\count97
\c@blind@levelcount=\count98
\blind@mathformula=\count99
\blind@Mathformula=\count100
\c@blind@randomcount=\count101
\c@blind@randommax=\count102
\c@blind@pangramcount=\count103
\c@blind@pangrammax=\count104
)
("C:\Program Files\MiKTeX 2.9\tex\latex\psnfss\mathpazo.sty"
Package: mathpazo 2005/04/12 PSNFSS-v9.2a Palatino w/ Pazo Math (D.Puga, WaS) 
\symupright=\mathgroup4
)
("C:\Program Files\MiKTeX 2.9\tex\latex\base\fontenc.sty"
Package: fontenc 2016/06/19 v1.99m Standard LaTeX package

("C:\Program Files\MiKTeX 2.9\tex\latex\base\t1enc.def"
File: t1enc.def 2016/06/19 v1.99m Standard LaTeX file
LaTeX Font Info:    Redeclaring font encoding T1 on input line 48.
))
("C:\Program Files\MiKTeX 2.9\tex\latex\microtype\microtype.sty"
Package: microtype 2016/05/14 v2.6a Micro-typographical refinements (RS)

("C:\Program Files\MiKTeX 2.9\tex\latex\graphics\keyval.sty"
Package: keyval 2014/10/28 v1.15 key=value parser (DPC)
\KV@toks@=\toks14
)
\MT@toks=\toks15
\MT@count=\count105
LaTeX Info: Redefining \textls on input line 774.
\MT@outer@kern=\dimen103
LaTeX Info: Redefining \textmicrotypecontext on input line 1310.
\MT@listname@count=\count106

("C:\Program Files\MiKTeX 2.9\tex\latex\microtype\microtype-pdftex.def"
File: microtype-pdftex.def 2016/05/14 v2.6a Definitions specific to pdftex (RS)

LaTeX Info: Redefining \lsstyle on input line 916.
LaTeX Info: Redefining \lslig on input line 916.
\MT@outer@space=\skip43
)
Package microtype Info: Loading configuration file microtype.cfg.

("C:\Program Files\MiKTeX 2.9\tex\latex\microtype\microtype.cfg"
File: microtype.cfg 2016/05/14 v2.6a microtype main configuration file (RS)
))
("C:\Program Files\MiKTeX 2.9\tex\generic\babel\babel.sty"
Package: babel 2016/04/23 3.9r The Babel package

*************************************
* Local config file bblopts.cfg used
*
("C:\Program Files\MiKTeX 2.9\tex\latex\arabi\bblopts.cfg"
File: bblopts.cfg 2005/09/08 v0.1 add Arabic and Farsi to "declared" options of
 babel
)
("C:\Program Files\MiKTeX 2.9\tex\latex\babel-english\english.ldf"
Language: english 2012/08/20 v3.3p English support from the babel system

("C:\Program Files\MiKTeX 2.9\tex\generic\babel\babel.def"
File: babel.def 2016/04/23 3.9r Babel common definitions
\babel@savecnt=\count107
\U@D=\dimen104
)
\l@canadian = a dialect from \language\l@american 
\l@australian = a dialect from \language\l@british 
\l@newzealand = a dialect from \language\l@british 
))
("C:\Program Files\MiKTeX 2.9\tex\latex\geometry\geometry.sty"
Package: geometry 2010/09/12 v5.6 Page Geometry

("C:\Program Files\MiKTeX 2.9\tex\generic\oberdiek\ifpdf.sty"
Package: ifpdf 2016/05/14 v3.1 Provides the ifpdf switch
)
("C:\Program Files\MiKTeX 2.9\tex\generic\oberdiek\ifvtex.sty"
Package: ifvtex 2016/05/16 v1.6 Detect VTeX and its facilities (HO)
Package ifvtex Info: VTeX not detected.
)
("C:\Program Files\MiKTeX 2.9\tex\generic\ifxetex\ifxetex.sty"
Package: ifxetex 2010/09/12 v0.6 Provides ifxetex conditional
)
\Gm@cnth=\count108
\Gm@cntv=\count109
\c@Gm@tempcnt=\count110
\Gm@bindingoffset=\dimen105
\Gm@wd@mp=\dimen106
\Gm@odd@mp=\dimen107
\Gm@even@mp=\dimen108
\Gm@layoutwidth=\dimen109
\Gm@layoutheight=\dimen110
\Gm@layouthoffset=\dimen111
\Gm@layoutvoffset=\dimen112
\Gm@dimlist=\toks16

("C:\Program Files\MiKTeX 2.9\tex\latex\geometry\geometry.cfg"))
("C:\Program Files\MiKTeX 2.9\tex\latex\caption\caption.sty"
Package: caption 2016/02/21 v3.3-144 Customizing captions (AR)

("C:\Program Files\MiKTeX 2.9\tex\latex\caption\caption3.sty"
Package: caption3 2016/05/22 v1.7-166 caption3 kernel (AR)
Package caption3 Info: TeX engine: e-TeX on input line 67.
\captionmargin=\dimen113
\captionmargin@=\dimen114
\captionwidth=\dimen115
\caption@tempdima=\dimen116
\caption@indent=\dimen117
\caption@parindent=\dimen118
\caption@hangindent=\dimen119
)
\c@ContinuedFloat=\count111
)
("C:\Program Files\MiKTeX 2.9\tex\latex\booktabs\booktabs.sty"
Package: booktabs 2005/04/14 v1.61803 publication quality tables
\heavyrulewidth=\dimen120
\lightrulewidth=\dimen121
\cmidrulewidth=\dimen122
\belowrulesep=\dimen123
\belowbottomsep=\dimen124
\aboverulesep=\dimen125
\abovetopsep=\dimen126
\cmidrulesep=\dimen127
\cmidrulekern=\dimen128
\defaultaddspace=\dimen129
\@cmidla=\count112
\@cmidlb=\count113
\@aboverulesep=\dimen130
\@belowrulesep=\dimen131
\@thisruleclass=\count114
\@lastruleclass=\count115
\@thisrulewidth=\dimen132
)
("C:\Program Files\MiKTeX 2.9\tex\latex\lettrine\lettrine.sty"
File: lettrine.sty 2015/08/31 v1.9 (Daniel Flipo)
\c@DefaultLines=\count116
\c@DefaultDepth=\count117
\DefaultFindent=\dimen133
\DefaultNindent=\dimen134
\DefaultSlope=\dimen135
\DiscardVskip=\dimen136
\L@lbox=\box26
\L@tbox=\box27
\c@L@lines=\count118
\c@L@depth=\count119
\L@Pindent=\dimen137
\L@Findent=\dimen138
\L@Nindent=\dimen139
\L@lraise=\dimen140
\L@first=\dimen141
\L@next=\dimen142
\L@slope=\dimen143
\L@height=\dimen144
\L@novskip=\dimen145
\LettrineWidth=\dimen146
\LettrineHeight=\dimen147
\LettrineDepth=\dimen148

Loading lettrine.cfg
("C:\Program Files\MiKTeX 2.9\tex\latex\lettrine\lettrine.cfg"))
("C:\Program Files\MiKTeX 2.9\tex\latex\enumitem\enumitem.sty"
Package: enumitem 2011/09/28 v3.5.2 Customized lists
\labelindent=\skip44
\enit@outerparindent=\dimen149
\enit@toks=\toks17
\enit@inbox=\box28
\enitdp@description=\count120
)
("C:\Program Files\MiKTeX 2.9\tex\latex\abstract\abstract.sty"
Package: abstract 2009/06/08 v1.2a configurable abstracts
\abstitleskip=\skip45
\absleftindent=\skip46
\absrightindent=\skip47
\absparindent=\skip48
\absparsep=\skip49
)
("C:\Program Files\MiKTeX 2.9\tex\latex\titlesec\titlesec.sty"
Package: titlesec 2016/03/21 v2.10.2 Sectioning titles
\ttl@box=\box29
\beforetitleunit=\skip50
\aftertitleunit=\skip51
\ttl@plus=\dimen150
\ttl@minus=\dimen151
\ttl@toksa=\toks18
\titlewidth=\dimen152
\titlewidthlast=\dimen153
\titlewidthfirst=\dimen154
)
("C:\Program Files\MiKTeX 2.9\tex\latex\titlesec\block.tss"
File: block.tss 2016/03/15
)
("C:\Program Files\MiKTeX 2.9\tex\latex\fancyhdr\fancyhdr.sty"
Package: fancyhdr 2016/09/06 3.8 Extensive control of page headers and footers
\fancy@headwidth=\skip52
\f@ncyO@elh=\skip53
\f@ncyO@erh=\skip54
\f@ncyO@olh=\skip55
\f@ncyO@orh=\skip56
\f@ncyO@elf=\skip57
\f@ncyO@erf=\skip58
\f@ncyO@olf=\skip59
\f@ncyO@orf=\skip60
)
("C:\Program Files\MiKTeX 2.9\tex\latex\titling\titling.sty"
Package: titling 2009/09/04 v2.1d maketitle typesetting
\thanksmarkwidth=\skip61
\thanksmargin=\skip62
\droptitle=\skip63
)
("C:\Program Files\MiKTeX 2.9\tex\latex\hyperref\hyperref.sty"
Package: hyperref 2016/06/24 v6.83q Hypertext links for LaTeX

("C:\Program Files\MiKTeX 2.9\tex\generic\oberdiek\hobsub-hyperref.sty"
Package: hobsub-hyperref 2016/05/16 v1.14 Bundle oberdiek, subset hyperref (HO)


("C:\Program Files\MiKTeX 2.9\tex\generic\oberdiek\hobsub-generic.sty"
Package: hobsub-generic 2016/05/16 v1.14 Bundle oberdiek, subset generic (HO)
Package: hobsub 2016/05/16 v1.14 Construct package bundles (HO)
Package: infwarerr 2016/05/16 v1.4 Providing info/warning/error messages (HO)
Package: ltxcmds 2016/05/16 v1.23 LaTeX kernel commands for general use (HO)
Package: ifluatex 2016/05/16 v1.4 Provides the ifluatex switch (HO)
Package ifluatex Info: LuaTeX not detected.
Package hobsub Info: Skipping package `ifvtex' (already loaded).
Package: intcalc 2016/05/16 v1.2 Expandable calculations with integers (HO)
Package hobsub Info: Skipping package `ifpdf' (already loaded).
Package: etexcmds 2016/05/16 v1.6 Avoid name clashes with e-TeX commands (HO)
Package etexcmds Info: Could not find \expanded.
(etexcmds)             That can mean that you are not using pdfTeX 1.50 or
(etexcmds)             that some package has redefined \expanded.
(etexcmds)             In the latter case, load this package earlier.
Package: kvsetkeys 2016/05/16 v1.17 Key value parser (HO)
Package: kvdefinekeys 2016/05/16 v1.4 Define keys (HO)
Package: pdftexcmds 2016/05/21 v0.22 Utility functions of pdfTeX for LuaTeX (HO
)
Package pdftexcmds Info: LuaTeX not detected.
Package pdftexcmds Info: \pdf@primitive is available.
Package pdftexcmds Info: \pdf@ifprimitive is available.
Package pdftexcmds Info: \pdfdraftmode found.
Package: pdfescape 2016/05/16 v1.14 Implements pdfTeX's escape features (HO)
Package: bigintcalc 2016/05/16 v1.4 Expandable calculations on big integers (HO
)
Package: bitset 2016/05/16 v1.2 Handle bit-vector datatype (HO)
Package: uniquecounter 2016/05/16 v1.3 Provide unlimited unique counter (HO)
)
Package hobsub Info: Skipping package `hobsub' (already loaded).
Package: letltxmacro 2016/05/16 v1.5 Let assignment for LaTeX macros (HO)
Package: hopatch 2016/05/16 v1.3 Wrapper for package hooks (HO)
Package: xcolor-patch 2016/05/16 xcolor patch
Package: atveryend 2016/05/16 v1.9 Hooks at the very end of document (HO)
Package atveryend Info: \enddocument detected (standard20110627).
Package: atbegshi 2016/06/09 v1.18 At begin shipout hook (HO)
Package: refcount 2016/05/16 v3.5 Data extraction from label references (HO)
Package: hycolor 2016/05/16 v1.8 Color options for hyperref/bookmark (HO)
)
("C:\Program Files\MiKTeX 2.9\tex\latex\oberdiek\auxhook.sty"
Package: auxhook 2016/05/16 v1.4 Hooks for auxiliary files (HO)
)
("C:\Program Files\MiKTeX 2.9\tex\latex\oberdiek\kvoptions.sty"
Package: kvoptions 2016/05/16 v3.12 Key value format for package options (HO)
)
\@linkdim=\dimen155
\Hy@linkcounter=\count121
\Hy@pagecounter=\count122

("C:\Program Files\MiKTeX 2.9\tex\latex\hyperref\pd1enc.def"
File: pd1enc.def 2016/06/24 v6.83q Hyperref: PDFDocEncoding definition (HO)
)
\Hy@SavedSpaceFactor=\count123

("C:\Program Files\MiKTeX 2.9\tex\latex\00miktex\hyperref.cfg"
File: hyperref.cfg 2002/06/06 v1.2 hyperref configuration of TeXLive
)
Package hyperref Info: Hyper figures OFF on input line 4486.
Package hyperref Info: Link nesting OFF on input line 4491.
Package hyperref Info: Hyper index ON on input line 4494.
Package hyperref Info: Plain pages OFF on input line 4501.
Package hyperref Info: Backreferencing OFF on input line 4506.
Package hyperref Info: Implicit mode ON; LaTeX internals redefined.
Package hyperref Info: Bookmarks ON on input line 4735.
\c@Hy@tempcnt=\count124

("C:\Program Files\MiKTeX 2.9\tex\latex\url\url.sty"
\Urlmuskip=\muskip10
Package: url 2013/09/16  ver 3.4  Verb mode for urls, etc.
)
LaTeX Info: Redefining \url on input line 5088.
\XeTeXLinkMargin=\dimen156
\Fld@menulength=\count125
\Field@Width=\dimen157
\Fld@charsize=\dimen158
Package hyperref Info: Hyper figures OFF on input line 6342.
Package hyperref Info: Link nesting OFF on input line 6347.
Package hyperref Info: Hyper index ON on input line 6350.
Package hyperref Info: backreferencing OFF on input line 6357.
Package hyperref Info: Link coloring OFF on input line 6362.
Package hyperref Info: Link coloring with OCG OFF on input line 6367.
Package hyperref Info: PDF/A mode OFF on input line 6372.
LaTeX Info: Redefining \ref on input line 6412.
LaTeX Info: Redefining \pageref on input line 6416.
\Hy@abspage=\count126
\c@Item=\count127
\c@Hfootnote=\count128
)

Package hyperref Message: Driver (autodetected): hpdftex.

("C:\Program Files\MiKTeX 2.9\tex\latex\hyperref\hpdftex.def"
File: hpdftex.def 2016/06/24 v6.83q Hyperref driver for pdfTeX
\Fld@listcount=\count129
\c@bookmark@seq@number=\count130

("C:\Program Files\MiKTeX 2.9\tex\latex\oberdiek\rerunfilecheck.sty"
Package: rerunfilecheck 2016/05/16 v1.8 Rerun checks for auxiliary files (HO)
Package uniquecounter Info: New unique counter `rerunfilecheck' on input line 2
82.
)
\Hy@SectionHShift=\skip64
)
("C:\Program Files\MiKTeX 2.9\tex\latex\graphics\graphicx.sty"
Package: graphicx 2014/10/28 v1.0g Enhanced LaTeX Graphics (DPC,SPQR)

("C:\Program Files\MiKTeX 2.9\tex\latex\graphics\graphics.sty"
Package: graphics 2016/07/10 v1.0t Standard LaTeX Graphics (DPC,SPQR)

("C:\Program Files\MiKTeX 2.9\tex\latex\graphics\trig.sty"
Package: trig 2016/01/03 v1.10 sin cos tan (DPC)
)
("C:\Program Files\MiKTeX 2.9\tex\latex\graphics-cfg\graphics.cfg"
File: graphics.cfg 2016/06/04 v1.11 sample graphics configuration
)
Package graphics Info: Driver file: pdftex.def on input line 99.

("C:\Program Files\MiKTeX 2.9\tex\latex\graphics-def\pdftex.def"
File: pdftex.def 2016/07/10 v0.06j Graphics/color for pdfTeX
\Gread@gobject=\count131
))
\Gin@req@height=\dimen159
\Gin@req@width=\dimen160
)
("C:\Program Files\MiKTeX 2.9\tex\latex\wrapfig\wrapfig.sty"
\wrapoverhang=\dimen161
\WF@size=\dimen162
\c@WF@wrappedlines=\count132
\WF@box=\box30
\WF@everypar=\toks19
Package: wrapfig 2003/01/31  v 3.6
)
("C:\Program Files\MiKTeX 2.9\tex\latex\amsmath\amsmath.sty"
Package: amsmath 2016/06/28 v2.15d AMS math features
\@mathmargin=\skip65

For additional information on amsmath, use the `?' option.
("C:\Program Files\MiKTeX 2.9\tex\latex\amsmath\amstext.sty"
Package: amstext 2000/06/29 v2.01 AMS text

("C:\Program Files\MiKTeX 2.9\tex\latex\amsmath\amsgen.sty"
File: amsgen.sty 1999/11/30 v2.0 generic functions
\@emptytoks=\toks20
\ex@=\dimen163
))
("C:\Program Files\MiKTeX 2.9\tex\latex\amsmath\amsbsy.sty"
Package: amsbsy 1999/11/29 v1.2d Bold Symbols
\pmbraise@=\dimen164
)
("C:\Program Files\MiKTeX 2.9\tex\latex\amsmath\amsopn.sty"
Package: amsopn 2016/03/08 v2.02 operator names
)
\inf@bad=\count133
LaTeX Info: Redefining \frac on input line 199.
\uproot@=\count134
\leftroot@=\count135
LaTeX Info: Redefining \overline on input line 297.
\classnum@=\count136
\DOTSCASE@=\count137
LaTeX Info: Redefining \ldots on input line 394.
LaTeX Info: Redefining \dots on input line 397.
LaTeX Info: Redefining \cdots on input line 518.
\Mathstrutbox@=\box31
\strutbox@=\box32
\big@size=\dimen165
LaTeX Font Info:    Redeclaring font encoding OML on input line 634.
LaTeX Font Info:    Redeclaring font encoding OMS on input line 635.
\macc@depth=\count138
\c@MaxMatrixCols=\count139
\dotsspace@=\muskip11
\c@parentequation=\count140
\dspbrk@lvl=\count141
\tag@help=\toks21
\row@=\count142
\column@=\count143
\maxfields@=\count144
\andhelp@=\toks22
\eqnshift@=\dimen166
\alignsep@=\dimen167
\tagshift@=\dimen168
\tagwidth@=\dimen169
\totwidth@=\dimen170
\lineht@=\dimen171
\@envbody=\toks23
\multlinegap=\skip66
\multlinetaggap=\skip67
\mathdisplay@stack=\toks24
LaTeX Info: Redefining \[ on input line 2739.
LaTeX Info: Redefining \] on input line 2740.
)
("C:\Program Files\MiKTeX 2.9\tex\latex\xcolor\xcolor.sty"
Package: xcolor 2016/05/11 v2.12 LaTeX color extensions (UK)

("C:\Program Files\MiKTeX 2.9\tex\latex\graphics-cfg\color.cfg"
File: color.cfg 2016/01/02 v1.6 sample color configuration
)
Package xcolor Info: Driver file: pdftex.def on input line 225.
Package xcolor Info: Model `cmy' substituted by `cmy0' on input line 1348.
Package xcolor Info: Model `hsb' substituted by `rgb' on input line 1352.
Package xcolor Info: Model `RGB' extended on input line 1364.
Package xcolor Info: Model `HTML' substituted by `rgb' on input line 1366.
Package xcolor Info: Model `Hsb' substituted by `hsb' on input line 1367.
Package xcolor Info: Model `tHsb' substituted by `hsb' on input line 1368.
Package xcolor Info: Model `HSB' substituted by `hsb' on input line 1369.
Package xcolor Info: Model `Gray' substituted by `gray' on input line 1370.
Package xcolor Info: Model `wave' substituted by `hsb' on input line 1371.
)
("C:\Program Files\MiKTeX 2.9\tex\latex\listings\listings.sty"
\lst@mode=\count145
\lst@gtempboxa=\box33
\lst@token=\toks25
\lst@length=\count146
\lst@currlwidth=\dimen172
\lst@column=\count147
\lst@pos=\count148
\lst@lostspace=\dimen173
\lst@width=\dimen174
\lst@newlines=\count149
\lst@lineno=\count150
\lst@maxwidth=\dimen175

("C:\Program Files\MiKTeX 2.9\tex\latex\listings\lstmisc.sty"
File: lstmisc.sty 2018/09/02 1.7 (Carsten Heinz)
\c@lstnumber=\count151
\lst@skipnumbers=\count152
\lst@framebox=\box34
)
("C:\Program Files\MiKTeX 2.9\tex\latex\listings\listings.cfg"
File: listings.cfg 2018/09/02 1.7 listings configuration
))
Package: listings 2018/09/02 1.7 (Carsten Heinz)

("C:\Program Files\MiKTeX 2.9\tex\latex\caption\subcaption.sty"
Package: subcaption 2016/05/22 v1.1-161 Sub-captions (AR)
\c@subfigure=\count153
\c@subtable=\count154
)
("C:\Program Files\MiKTeX 2.9\tex\latex\pdfpages\pdfpages.sty"
Package: pdfpages 2017/10/31 v0.5l Insert pages of external PDF documents (AM)

("C:\Program Files\MiKTeX 2.9\tex\latex\base\ifthen.sty"
Package: ifthen 2014/09/29 v1.1c Standard LaTeX ifthen package (DPC)
)
("C:\Program Files\MiKTeX 2.9\tex\latex\tools\calc.sty"
Package: calc 2014/10/28 v4.3 Infix arithmetic (KKT,FJ)
\calc@Acount=\count155
\calc@Bcount=\count156
\calc@Adimen=\dimen176
\calc@Bdimen=\dimen177
\calc@Askip=\skip68
\calc@Bskip=\skip69
LaTeX Info: Redefining \setlength on input line 80.
LaTeX Info: Redefining \addtolength on input line 81.
\calc@Ccount=\count157
\calc@Cskip=\skip70
)
("C:\Program Files\MiKTeX 2.9\tex\latex\eso-pic\eso-pic.sty"
Package: eso-pic 2018/04/12 v2.0h eso-pic (RN)
)
\AM@pagewidth=\dimen178
\AM@pageheight=\dimen179

("C:\Program Files\MiKTeX 2.9\tex\latex\pdfpages\pppdftex.def"
File: pppdftex.def 2017/10/31 v0.5l Pdfpages driver for pdfTeX (AM)
)
\AM@pagebox=\box35
\AM@global@opts=\toks26
\AM@toc@title=\toks27
\c@AM@survey=\count158
\AM@templatesizebox=\box36
)
("C:\Program Files\MiKTeX 2.9\tex\latex\tools\array.sty"
Package: array 2014/10/28 v2.4c Tabular extension package (FMi)
\col@sep=\dimen180
\extrarowheight=\dimen181
\NC@list=\toks28
\extratabsurround=\skip71
\backup@length=\skip72
)
("C:\Program Files\MiKTeX 2.9\tex\latex\multirow\multirow.sty"
Package: multirow 2016/10/11 v2.1 Span multiple rows of a table
\multirow@colwidth=\skip73
\multirow@cnta=\count159
\multirow@cntb=\count160
\multirow@dima=\skip74
\bigstrutjot=\dimen182
)
("final report ML.aux")
\openout1 = `"final report ML.aux"'.

LaTeX Font Info:    Checking defaults for OML/cmm/m/it on input line 114.
LaTeX Font Info:    ... okay on input line 114.
LaTeX Font Info:    Checking defaults for T1/cmr/m/n on input line 114.
LaTeX Font Info:    ... okay on input line 114.
LaTeX Font Info:    Checking defaults for OT1/cmr/m/n on input line 114.
LaTeX Font Info:    ... okay on input line 114.
LaTeX Font Info:    Checking defaults for OMS/cmsy/m/n on input line 114.
LaTeX Font Info:    ... okay on input line 114.
LaTeX Font Info:    Checking defaults for OMX/cmex/m/n on input line 114.
LaTeX Font Info:    ... okay on input line 114.
LaTeX Font Info:    Checking defaults for U/cmr/m/n on input line 114.
LaTeX Font Info:    ... okay on input line 114.
LaTeX Font Info:    Checking defaults for PD1/pdf/m/n on input line 114.
LaTeX Font Info:    ... okay on input line 114.
LaTeX Font Info:    Try loading font information for T1+pplx on input line 114.

 ("C:\Program Files\MiKTeX 2.9\tex\latex\psnfss\t1pplx.fd"
File: t1pplx.fd 2004/09/06 font definitions for T1/pplx.
)
LaTeX Info: Redefining \microtypecontext on input line 114.
Package microtype Info: Generating PDF output.
Package microtype Info: Character protrusion enabled (level 2).
Package microtype Info: Using default protrusion set `alltext'.
Package microtype Info: Automatic font expansion enabled (level 2),
(microtype)             stretch: 20, shrink: 20, step: 1, non-selected.
Package microtype Info: Using default expansion set `basictext'.
Package microtype Info: No adjustment of tracking.
Package microtype Info: No adjustment of interword spacing.
Package microtype Info: No adjustment of character kerning.
 ("C:\Program Files\MiKTeX 2.9\tex\latex\microtype\mt-ppl.cfg"
File: mt-ppl.cfg 2005/11/16 v1.6 microtype config. file: Palatino (RS)
)
*geometry* driver: auto-detecting
*geometry* detected driver: pdftex
*geometry* verbose mode - [ preamble ] result:
* driver: pdftex
* paper: <default>
* layout: <same size as paper>
* layoutoffset:(h,v)=(0.0pt,0.0pt)
* hratio: 1:1
* modes: twoside 
* h-part:(L,W,R)=(92.14519pt, 430.00462pt, 92.14519pt)
* v-part:(T,H,B)=(91.04881pt, 608.5238pt, 95.39737pt)
* \paperwidth=614.295pt
* \paperheight=794.96999pt
* \textwidth=430.00462pt
* \textheight=608.5238pt
* \oddsidemargin=19.8752pt
* \evensidemargin=19.8752pt
* \topmargin=-18.22118pt
* \headheight=12.0pt
* \headsep=25.0pt
* \topskip=10.0pt
* \footskip=30.0pt
* \marginparwidth=48.0pt
* \marginparsep=10.0pt
* \columnsep=20.0pt
* \skip\footins=9.0pt plus 4.0pt minus 2.0pt
* \hoffset=0.0pt
* \voffset=0.0pt
* \mag=1000
* \@twocolumntrue
* \@twosidetrue
* \@mparswitchtrue
* \@reversemarginfalse
* (1in=72.27pt=25.4mm, 1cm=28.453pt)

Package caption Info: Begin \AtBeginDocument code.
Package caption Info: hyperref package is loaded.
Package caption Info: listings package is loaded.
Package caption Info: wrapfig package is loaded.
Package caption Info: End \AtBeginDocument code.
\AtBeginShipoutBox=\box37
Package hyperref Info: Link coloring OFF on input line 114.
("C:\Program Files\MiKTeX 2.9\tex\latex\hyperref\nameref.sty"
Package: nameref 2016/05/21 v2.44 Cross-referencing by name of section

("C:\Program Files\MiKTeX 2.9\tex\generic\oberdiek\gettitlestring.sty"
Package: gettitlestring 2016/05/16 v1.5 Cleanup title references (HO)
)
\c@section@level=\count161
)
LaTeX Info: Redefining \ref on input line 114.
LaTeX Info: Redefining \pageref on input line 114.
LaTeX Info: Redefining \nameref on input line 114.

("final report ML.out") ("final report ML.out")
\@outlinefile=\write3
\openout3 = `"final report ML.out"'.


("C:\Program Files\MiKTeX 2.9\tex\context\base\supp-pdf.mkii"
[Loading MPS to PDF converter (version 2006.09.02).]
\scratchcounter=\count162
\scratchdimen=\dimen183
\scratchbox=\box38
\nofMPsegments=\count163
\nofMParguments=\count164
\everyMPshowfont=\toks29
\MPscratchCnt=\count165
\MPscratchDim=\dimen184
\MPnumerator=\count166
\makeMPintoPDFobject=\count167
\everyMPtoPDFconversion=\toks30
) ("C:\Program Files\MiKTeX 2.9\tex\latex\oberdiek\epstopdf-base.sty"
Package: epstopdf-base 2016/05/15 v2.6 Base part for package epstopdf

("C:\Program Files\MiKTeX 2.9\tex\latex\oberdiek\grfext.sty"
Package: grfext 2016/05/16 v1.2 Manage graphics extensions (HO)
)
Package epstopdf-base Info: Redefining graphics rule for `.eps' on input line 4
38.
Package grfext Info: Graphics extension search list:
(grfext)             [.png,.pdf,.jpg,.mps,.jpeg,.jbig2,.jb2,.PNG,.PDF,.JPG,.JPE
G,.JBIG2,.JB2,.eps]
(grfext)             \AppendGraphicsExtensions on input line 456.
)
\c@lstlisting=\count168

("C:\Program Files\MiKTeX 2.9\tex\latex\oberdiek\pdflscape.sty"
Package: pdflscape 2016/05/14 v0.11 Display of landscape pages in PDF (HO)

("C:\Program Files\MiKTeX 2.9\tex\latex\graphics\lscape.sty"
Package: lscape 2000/10/22 v3.01 Landscape Pages (DPC)
)
Package pdflscape Info: Auto-detected driver: pdftex on input line 81.
)

pdfTeX warning: pdflatex (file ./coversheet2.pdf): PDF inclusion: found PDF ver
sion <1.7>, but at most version <1.5> allowed
<coversheet2.pdf, id=123, 596.2275pt x 844.11362pt>
File: coversheet2.pdf Graphic file (type pdf)
 <use coversheet2.pdf>
Package pdftex.def Info: coversheet2.pdf used on input line 116.
(pdftex.def)             Requested size: 596.22604pt x 844.11156pt.


pdfTeX warning: pdflatex (file ./coversheet2.pdf): PDF inclusion: found PDF ver
sion <1.7>, but at most version <1.5> allowed
File: coversheet2.pdf Graphic file (type pdf)
<use coversheet2.pdf>
Package pdftex.def Info: coversheet2.pdf used on input line 116.
(pdftex.def)             Requested size: 596.22604pt x 844.11156pt.


pdfTeX warning: pdflatex (file ./coversheet2.pdf): PDF inclusion: found PDF ver
sion <1.7>, but at most version <1.5> allowed
File: coversheet2.pdf Graphic file (type pdf)
<use coversheet2.pdf>
Package pdftex.def Info: coversheet2.pdf used on input line 116.
(pdftex.def)             Requested size: 596.22604pt x 844.11156pt.


pdfTeX warning: pdflatex (file ./coversheet2.pdf): PDF inclusion: found PDF ver
sion <1.7>, but at most version <1.5> allowed


pdfTeX warning: pdflatex (file ./coversheet2.pdf): PDF inclusion: found PDF ver
sion <1.7>, but at most version <1.5> allowed
<coversheet2.pdf, id=127, page=1, 596.2275pt x 844.11362pt>
File: coversheet2.pdf Graphic file (type pdf)

<use coversheet2.pdf, page 1>
Package pdftex.def Info: coversheet2.pdf, page1 used on input line 116.
(pdftex.def)             Requested size: 596.22604pt x 844.11156pt.
File: coversheet2.pdf Graphic file (type pdf)
 <use coversheet2.pdf, page 1>
Package pdftex.def Info: coversheet2.pdf, page1 used on input line 116.
(pdftex.def)             Requested size: 561.58205pt x 795.06406pt.
File: coversheet2.pdf Graphic file (type pdf)

<use coversheet2.pdf, page 1>
Package pdftex.def Info: coversheet2.pdf, page1 used on input line 116.
(pdftex.def)             Requested size: 561.58205pt x 795.06406pt.
File: coversheet2.pdf Graphic file (type pdf)
 <use coversheet2.pdf, page 1>
Package pdftex.def Info: coversheet2.pdf, page1 used on input line 116.
(pdftex.def)             Requested size: 561.58205pt x 795.06406pt.
File: coversheet2.pdf Graphic file (type pdf)

<use coversheet2.pdf, page 1>
Package pdftex.def Info: coversheet2.pdf, page1 used on input line 116.
(pdftex.def)             Requested size: 561.58205pt x 795.06406pt.
 [1


 <./coversheet2.pdf>]

pdfTeX warning: pdflatex (file ./coversheet2.pdf): PDF inclusion: found PDF ver
sion <1.7>, but at most version <1.5> allowed
<coversheet2.pdf, id=173, page=2, 596.2275pt x 844.11362pt>
File: coversheet2.pdf Graphic file (type pdf)

<use coversheet2.pdf, page 2>
Package pdftex.def Info: coversheet2.pdf, page2 used on input line 116.
(pdftex.def)             Requested size: 561.58205pt x 795.06406pt.
File: coversheet2.pdf Graphic file (type pdf)
 <use coversheet2.pdf, page 2>
Package pdftex.def Info: coversheet2.pdf, page2 used on input line 116.
(pdftex.def)             Requested size: 561.58205pt x 795.06406pt.
File: coversheet2.pdf Graphic file (type pdf)

<use coversheet2.pdf, page 2>
Package pdftex.def Info: coversheet2.pdf, page2 used on input line 116.
(pdftex.def)             Requested size: 561.58205pt x 795.06406pt.
 [2 <./coversheet2.pdf>]
LaTeX Font Info:    Font shape `T1/pplx/bx/n' in size <24.88> not available
(Font)              Font shape `T1/pplx/b/n' tried instead on input line 122.
LaTeX Font Info:    Try loading font information for OT1+pplx on input line 122
.

("C:\Program Files\MiKTeX 2.9\tex\latex\psnfss\ot1pplx.fd"
File: ot1pplx.fd 2004/09/06 font definitions for OT1/pplx.
)
LaTeX Font Info:    Try loading font information for OML+zplm on input line 122
.

("C:\Program Files\MiKTeX 2.9\tex\latex\psnfss\omlzplm.fd"
File: omlzplm.fd 2002/09/08 Fontinst v1.914 font definitions for OML/zplm.
)
LaTeX Font Info:    Try loading font information for OMS+zplm on input line 122
.

("C:\Program Files\MiKTeX 2.9\tex\latex\psnfss\omszplm.fd"
File: omszplm.fd 2002/09/08 Fontinst v1.914 font definitions for OMS/zplm.
)
LaTeX Font Info:    Try loading font information for OMX+zplm on input line 122
.

("C:\Program Files\MiKTeX 2.9\tex\latex\psnfss\omxzplm.fd"
File: omxzplm.fd 2002/09/08 Fontinst v1.914 font definitions for OMX/zplm.
)
LaTeX Font Info:    Try loading font information for OT1+zplm on input line 122
.

("C:\Program Files\MiKTeX 2.9\tex\latex\psnfss\ot1zplm.fd"
File: ot1zplm.fd 2002/09/08 Fontinst v1.914 font definitions for OT1/zplm.
)
Package microtype Info: Loading generic settings for font family
(microtype)             `zplm' (encoding: OT1).
(microtype)             For optimal results, create family-specific settings.
(microtype)             See the microtype manual for details.
Package microtype Info: Character `029' is missing
(microtype)             in font `T1/pplx/m/sc/12'.
(microtype)             Ignoring protrusion settings for this character.
LaTeX Font Info:    Font shape `T1/pplx/bx/n' in size <10> not available
(Font)              Font shape `T1/pplx/b/n' tried instead on input line 122.
Package microtype Info: Character `029' is missing
(microtype)             in font `T1/pplx/m/sc/10'.
(microtype)             Ignoring protrusion settings for this character.
LaTeX Font Info:    Try loading font information for OMS+pplx on input line 132
.
LaTeX Font Info:    No file OMSpplx.fd. on input line 132.


LaTeX Font Warning: Font shape `OMS/pplx/m/n' undefined
(Font)              using `OMS/cmsy/m/n' instead
(Font)              for symbol `textbullet' on input line 132.

<images/1-1fullloop.png, id=182, 394.5942pt x 316.5426pt>
File: images/1-1fullloop.png Graphic file (type png)

<use images/1-1fullloop.png>
Package pdftex.def Info: images/1-1fullloop.png used on input line 152.
(pdftex.def)             Requested size: 98.89922pt x 79.33348pt.
LaTeX Font Info:    Font shape `T1/pplx/bx/n' in size <9> not available
(Font)              Font shape `T1/pplx/b/n' tried instead on input line 153.

<images/1-1oscilations.png, id=184, 389.5353pt x 313.6518pt>
File: images/1-1oscilations.png Graphic file (type png)

<use images/1-1oscilations.png>
Package pdftex.def Info: images/1-1oscilations.png used on input line 157.
(pdftex.def)             Requested size: 98.89922pt x 79.63316pt.

<images/task_1-2-2.png, id=185, 1110.0672pt x 490.7133pt>
File: images/task_1-2-2.png Graphic file (type png)

<use images/task_1-2-2.png>
Package pdftex.def Info: images/task_1-2-2.png used on input line 170.
(pdftex.def)             Requested size: 365.50655pt x 161.56898pt.


LaTeX Warning: `h' float specifier changed to `ht'.

<images/scan_v,theta_plot_w_5.png, id=186, 459.6372pt x 284.7438pt>
File: images/scan_v,theta_plot_w_5.png Graphic file (type png)

<use images/scan_v,theta_plot_w_5.png>
Package pdftex.def Info: images/scan_v,theta_plot_w_5.png used on input line 17
7.
(pdftex.def)             Requested size: 184.50081pt x 114.29956pt.


LaTeX Warning: `h' float specifier changed to `ht'.

<images/scan_w,theta_plot_v_4.png, id=187, 458.9145pt x 281.1303pt>
File: images/scan_w,theta_plot_v_4.png Graphic file (type png)

<use images/scan_w,theta_plot_v_4.png>
Package pdftex.def Info: images/scan_w,theta_plot_v_4.png used on input line 18
4.
(pdftex.def)             Requested size: 184.50081pt x 113.02493pt.


LaTeX Warning: `h' float specifier changed to `ht'.

pdfTeX warning (ext4): destination with the same identifier (name{page.1}) has 
been already used, duplicate ignored
<to be read again> 
                   \relax 
l.191 
       [1{C:/ProgramData/MiKTeX/2.9/pdftex/config/pdftex.map}



 <./images/1-1fullloop.png> <./images/1-1oscilations.png>]pdfTeX warning (ext4)
: destination with the same identifier (name{page.2}) has been already used, du
plicate ignored
<to be read again> 
                   \relax 
l.206 
       [2 <./images/task_1-2-2.png> <./images/scan_v,theta_plot_w_5.png> <./ima
ges/scan_w,theta_plot_v_4.png>]
<images/2-2-2.jpg, id=221, 1268.74pt x 677.53125pt>
File: images/2-2-2.jpg Graphic file (type jpg)
 <use images/2-2-2.jpg>
Package pdftex.def Info: images/2-2-2.jpg used on input line 219.
(pdftex.def)             Requested size: 205.0023pt x 109.47205pt.

<images/2-2-3.jpg, id=224, 1275.76625pt x 674.52pt>
File: images/2-2-3.jpg Graphic file (type jpg)
 <use images/2-2-3.jpg>
Package pdftex.def Info: images/2-2-3.jpg used on input line 229.
(pdftex.def)             Requested size: 205.0023pt x 108.38855pt.


LaTeX Warning: `h' float specifier changed to `ht'.


LaTeX Warning: `h' float specifier changed to `ht'.

<images/scan_with_predictions.png, id=225, 1110.0672pt x 514.5624pt>
File: images/scan_with_predictions.png Graphic file (type png)

<use images/scan_with_predictions.png>
Package pdftex.def Info: images/scan_with_predictions.png used on input line 25
3.
(pdftex.def)             Requested size: 365.50655pt x 169.42139pt.


LaTeX Warning: `h' float specifier changed to `ht'.

<images/2-3-1-1.jpg, id=227, 1241.63875pt x 673.51625pt>
File: images/2-3-1-1.jpg Graphic file (type jpg)

<use images/2-3-1-1.jpg>
Package pdftex.def Info: images/2-3-1-1.jpg used on input line 262.
(pdftex.def)             Requested size: 205.0023pt x 111.19733pt.


LaTeX Warning: `h' float specifier changed to `ht'.

<images/2-3-3.jpg, id=228, 1224.575pt x 665.48625pt>
File: images/2-3-3.jpg Graphic file (type jpg)
 <use images/2-3-3.jpg>
Package pdftex.def Info: images/2-3-3.jpg used on input line 270.
(pdftex.def)             Requested size: 205.0023pt x 111.40489pt.


LaTeX Warning: `h' float specifier changed to `ht'.

[3 <./images/2-2-2.jpg> <./images/2-2-3.jpg>]
<images/lambdaall.png, id=240, 1110.0672pt x 561.5379pt>
File: images/lambdaall.png Graphic file (type png)

<use images/lambdaall.png>
Package pdftex.def Info: images/lambdaall.png used on input line 287.
(pdftex.def)             Requested size: 322.50346pt x 163.13313pt.

Underfull \vbox (badness 10000) has occurred while \output is active []



LaTeX Warning: `h' float specifier changed to `ht'.

<images/sigmaall_crop.png, id=241, 944.5689pt x 559.3698pt>
File: images/sigmaall_crop.png Graphic file (type png)

<use images/sigmaall_crop.png>
Package pdftex.def Info: images/sigmaall_crop.png used on input line 294.
(pdftex.def)             Requested size: 205.0023pt x 121.39735pt.


LaTeX Warning: `h' float specifier changed to `ht'.


Underfull \vbox (badness 10000) has occurred while \output is active []

 [4 <./images/scan_with_predictions.png> <./images/2-3-1-1.jpg> <./images/2-3-3
.jpg>]
<images/mn_crop.png, id=249, 918.5517pt x 560.8152pt>
File: images/mn_crop.png Graphic file (type png)
 <use images/mn_crop.png>
Package pdftex.def Info: images/mn_crop.png used on input line 304.
(pdftex.def)             Requested size: 205.0023pt x 125.15965pt.


LaTeX Warning: `h' float specifier changed to `ht'.


Underfull \vbox (badness 1859) has occurred while \output is active []

 [5 <./images/lambdaall.png> <./images/sigmaall_crop.png> <./images/mn_crop.png
>]
<images/accuracym=500n=10000.png, id=271, 909.8793pt x 485.6544pt>
File: images/accuracym=500n=10000.png Graphic file (type png)

<use images/accuracym=500n=10000.png>
Package pdftex.def Info: images/accuracym=500n=10000.png used on input line 347
.
(pdftex.def)             Requested size: 174.2532pt x 93.00893pt.


LaTeX Warning: `h' float specifier changed to `ht'.


Overfull \vbox (3.2527pt too high) detected at line 362
 []


Overfull \vbox (3.2527pt too high) detected at line 364
 []


Overfull \vbox (3.2527pt too high) detected at line 367
 []


Overfull \vbox (3.2527pt too high) detected at line 369
 []

<m=1000n=10000.png, id=274, 1110.0672pt x 561.5379pt>
File: m=1000n=10000.png Graphic file (type png)
 <use m=1000n=10000.png>
Package pdftex.def Info: m=1000n=10000.png used on input line 382.
(pdftex.def)             Requested size: 205.0023pt x 103.69438pt.

Underfull \hbox (badness 1237) in paragraph at lines 383--383
[][]|\T1/pplx/m/it/9 (+20) Tra-jec-tory pre-dic-tions when m=1000, n
 []


LaTeX Warning: `h' float specifier changed to `ht'.

<images/smallertimestep,m=1000,n=10000.png, id=282, 1110.0672pt x 561.5379pt>
File: images/smallertimestep,m=1000,n=10000.png Graphic file (type png)

<use images/smallertimestep,m=1000,n=10000.png>
Package pdftex.def Info: images/smallertimestep,m=1000,n=10000.png used on inpu
t line 393.
(pdftex.def)             Requested size: 205.0023pt x 103.69438pt.

Underfull \hbox (badness 1237) in paragraph at lines 394--394
[][]|\T1/pplx/m/it/9 (+20) Tra-jec-tory pre-dic-tions when m=1000, n
 []

[6 <./images/accuracym=500n=10000.png>]

LaTeX Warning: `h' float specifier changed to `ht'.

<images/nlmstateprediction.png, id=293, 1110.0672pt x 561.5379pt>
File: images/nlmstateprediction.png Graphic file (type png)

<use images/nlmstateprediction.png>
Package pdftex.def Info: images/nlmstateprediction.png used on input line 401.
(pdftex.def)             Requested size: 322.50346pt x 163.13313pt.

<images/m=1000,n=10000v.png, id=294, 367.1316pt x 283.2984pt>
File: images/m=1000,n=10000v.png Graphic file (type png)

<use images/m=1000,n=10000v.png>
Package pdftex.def Info: images/m=1000,n=10000v.png used on input line 407.
(pdftex.def)             Requested size: 184.50081pt x 142.37074pt.

<images/m=1000,n=10000.png, id=295, 372.1905pt x 272.4579pt>
File: images/m=1000,n=10000.png Graphic file (type png)

<use images/m=1000,n=10000.png>
Package pdftex.def Info: images/m=1000,n=10000.png used on input line 413.
(pdftex.def)             Requested size: 184.50081pt x 135.06038pt.


LaTeX Warning: `h' float specifier changed to `ht'.


LaTeX Warning: `h' float specifier changed to `ht'.


LaTeX Warning: `h' float specifier changed to `ht'.

[7 <./m=1000n=10000.png> <./images/smallertimestep,m=1000,n=10000.png>]
<images/forcechange.png, id=312, 902.6523pt x 519.6213pt>
File: images/forcechange.png Graphic file (type png)

<use images/forcechange.png>
Package pdftex.def Info: images/forcechange.png used on input line 427.
(pdftex.def)             Requested size: 205.0023pt x 118.01184pt.

Underfull \hbox (badness 4366) in paragraph at lines 428--428
[][]|\T1/pplx/m/it/9 (+20) Pre-dicted state change and real state
 []


LaTeX Warning: `h' float specifier changed to `ht'.

<images/forcetraj.png, id=313, 890.3664pt x 487.0998pt>
File: images/forcetraj.png Graphic file (type png)

<use images/forcetraj.png>
Package pdftex.def Info: images/forcetraj.png used on input line 434.
(pdftex.def)             Requested size: 205.0023pt x 112.1495pt.

Underfull \hbox (badness 10000) in paragraph at lines 435--435
[][]|\T1/pplx/m/it/9 (+20) Tra-jec-tory pre-dic-tions with m=1000,
 []


LaTeX Warning: `h' float specifier changed to `ht'.


Underfull \vbox (badness 10000) has occurred while \output is active []


Underfull \vbox (badness 2351) has occurred while \output is active []

 [8 <./images/nlmstateprediction.png> <./images/m=1000,n=10000v.png> <./images/
m=1000,n=10000.png>] <images/pscan1.png, id=326, 389.5353pt x 286.1892pt>
File: images/pscan1.png Graphic file (type png)

<use images/pscan1.png>
Package pdftex.def Info: images/pscan1.png used on input line 461.
(pdftex.def)             Requested size: 174.2532pt x 128.01973pt.
 <images/pscan2.png, id=327, 341.1144pt x 296.307pt>
File: images/pscan2.png Graphic file (type png)

<use images/pscan2.png>
Package pdftex.def Info: images/pscan2.png used on input line 467.
(pdftex.def)             Requested size: 174.2532pt x 151.36324pt.


LaTeX Warning: `h' float specifier changed to `ht'.

<images/linear1.png, id=330, 400.3758pt x 315.0972pt>
File: images/linear1.png Graphic file (type png)
 <use images/linear1.png>
Package pdftex.def Info: images/linear1.png used on input line 479.
(pdftex.def)             Requested size: 102.50114pt x 80.66844pt.

<images/linear2.png, id=331, 391.7034pt x 319.4334pt>
File: images/linear2.png Graphic file (type png)
 <use images/linear2.png>
Package pdftex.def Info: images/linear2.png used on input line 485.
(pdftex.def)             Requested size: 102.50114pt x 83.58687pt.
LaTeX Font Info:    Font shape `T1/pplx/bx/it' in size <9> not available
(Font)              Font shape `T1/pplx/b/it' tried instead on input line 489.


LaTeX Warning: `h' float specifier changed to `ht'.


Underfull \vbox (badness 6380) has occurred while \output is active []

 [9 <./images/forcechange.png> <./images/forcetraj.png> <./images/pscan1.png> <
./images/pscan2.png>] <images/linearf1.png, id=345, 462.528pt x 346.896pt>
File: images/linearf1.png Graphic file (type png)

<use images/linearf1.png>
Package pdftex.def Info: images/linearf1.png used on input line 508.
(pdftex.def)             Requested size: 164.00246pt x 123.00337pt.


LaTeX Warning: `h' float specifier changed to `ht'.

<images/nltop.png, id=347, 462.528pt x 346.896pt>
File: images/nltop.png Graphic file (type png)
 <use images/nltop.png>
Package pdftex.def Info: images/nltop.png used on input line 530.
(pdftex.def)             Requested size: 164.00246pt x 123.00337pt.

[10 <./images/linear1.png> <./images/linear2.png> <./images/linearf1.png>]

LaTeX Warning: `h' float specifier changed to `ht'.


Underfull \vbox (badness 10000) has occurred while \output is active []


Underfull \vbox (badness 3612) has occurred while \output is active []

 [11 <./images/nltop.png>] <images/up1.png, id=365, 393.1488pt x 306.4248pt>
File: images/up1.png Graphic file (type png)

<use images/up1.png>
Package pdftex.def Info: images/up1.png used on input line 542.
(pdftex.def)             Requested size: 164.00246pt x 127.82318pt.
 <images/drift1.png, id=368, 901.2069pt x 474.0912pt>
File: images/drift1.png Graphic file (type png)

<use images/drift1.png>
Package pdftex.def Info: images/drift1.png used on input line 551.
(pdftex.def)             Requested size: 205.0023pt x 107.83783pt.


LaTeX Warning: `h' float specifier changed to `ht'.

[12 <./images/up1.png> <./images/drift1.png>]
<images/final.png, id=383, 895.4253pt x 471.9231pt>
File: images/final.png Graphic file (type png)
 <use images/final.png>
Package pdftex.def Info: images/final.png used on input line 578.
(pdftex.def)             Requested size: 258.00539pt x 135.97566pt.

<images/basisloc.png, id=384, 317.988pt x 267.399pt>
File: images/basisloc.png Graphic file (type png)
 <use images/basisloc.png>
Package pdftex.def Info: images/basisloc.png used on input line 583.
(pdftex.def)             Requested size: 167.70154pt x 141.019pt.

<images/noise2.png, id=385, 462.528pt x 346.896pt>
File: images/noise2.png Graphic file (type png)
 <use images/noise2.png>
Package pdftex.def Info: images/noise2.png used on input line 620.
(pdftex.def)             Requested size: 210.70462pt x 158.02847pt.

<images/nt1.png, id=386, 899.0388pt x 489.2679pt>
File: images/nt1.png Graphic file (type png)
 <use images/nt1.png>
Package pdftex.def Info: images/nt1.png used on input line 625.
(pdftex.def)             Requested size: 210.70462pt x 114.66441pt.
 [13

 <./images/final.png> <./images/basisloc.png> <./images/noise2.png> <./images/n
t1.png>] [14

] ("C:\Program Files\MiKTeX 2.9\tex\latex\listings\lstlang1.sty"
File: lstlang1.sty 2018/09/02 1.7 listings language file
)
LaTeX Font Info:    Try loading font information for T1+cmtt on input line 682.


("C:\Program Files\MiKTeX 2.9\tex\latex\base\t1cmtt.fd"
File: t1cmtt.fd 2014/09/29 v2.5h Standard LaTeX font definitions
)
Package microtype Info: Loading generic settings for font family
(microtype)             `cmtt' (encoding: T1).
(microtype)             For optimal results, create family-specific settings.
(microtype)             See the microtype manual for details.
LaTeX Font Info:    Font shape `T1/cmtt/bx/n' in size <10> not available
(Font)              Font shape `T1/cmtt/m/n' tried instead on input line 683.
 [15

]
Underfull \vbox (badness 10000) has occurred while \output is active []

 [16]
Underfull \vbox (badness 10000) has occurred while \output is active []

 [17]
Underfull \vbox (badness 10000) has occurred while \output is active []

 [18]
Underfull \vbox (badness 10000) has occurred while \output is active []

 [19]
Underfull \vbox (badness 10000) has occurred while \output is active []

 [20]
Underfull \vbox (badness 10000) has occurred while \output is active []

 [21]
[22]
Underfull \vbox (badness 10000) has occurred while \output is active []

 [23]
[24]
Underfull \vbox (badness 10000) has occurred while \output is active []

 [25]
Underfull \vbox (badness 10000) has occurred while \output is active []

 [26]
Underfull \vbox (badness 10000) has occurred while \output is active []

 [27]
Underfull \vbox (badness 10000) has occurred while \output is active []

 [28]
Underfull \vbox (badness 10000) has occurred while \output is active []

 [29]
Underfull \vbox (badness 10000) has occurred while \output is active []

 [30]
Underfull \vbox (badness 10000) has occurred while \output is active []

 [31]
Underfull \vbox (badness 10000) has occurred while \output is active []

 [32]
Underfull \vbox (badness 10000) has occurred while \output is active []

 [33]
Underfull \vbox (badness 10000) has occurred while \output is active []

 [34]
Underfull \vbox (badness 10000) has occurred while \output is active []

 [35]
Underfull \vbox (badness 10000) has occurred while \output is active []

 [36]
[37]
Underfull \vbox (badness 10000) has occurred while \output is active []

 [38]
Underfull \vbox (badness 10000) has occurred while \output is active []

 [39]
Underfull \vbox (badness 10000) has occurred while \output is active []

 [40]
Underfull \vbox (badness 10000) has occurred while \output is active []

 [41]
Underfull \vbox (badness 10000) has occurred while \output is active []

 [42]
Underfull \vbox (badness 10000) has occurred while \output is active []

 [43]
Underfull \vbox (badness 10000) has occurred while \output is active []

 [44]
Underfull \vbox (badness 10000) has occurred while \output is active []

 [45]
Underfull \vbox (badness 10000) has occurred while \output is active []

 [46]
[47]
Underfull \vbox (badness 10000) has occurred while \output is active []

 [48]
Underfull \vbox (badness 10000) has occurred while \output is active []

 [49]
Underfull \vbox (badness 10000) has occurred while \output is active []

 [50]
[51]
Underfull \vbox (badness 10000) has occurred while \output is active []

 [52]
Underfull \vbox (badness 10000) has occurred while \output is active []

 [53]
Underfull \vbox (badness 10000) has occurred while \output is active []

 [54]
Underfull \vbox (badness 10000) has occurred while \output is active []

 [55]
Underfull \vbox (badness 10000) has occurred while \output is active []

 [56]
Underfull \vbox (badness 10000) has occurred while \output is active []

 [57]
Underfull \vbox (badness 10000) has occurred while \output is active []

 [58]
Underfull \vbox (badness 10000) has occurred while \output is active []

 [59]
Underfull \vbox (badness 10000) has occurred while \output is active []

 [60]
Underfull \vbox (badness 10000) has occurred while \output is active []

 [61]
Underfull \vbox (badness 10000) has occurred while \output is active []

 [62]
Underfull \vbox (badness 10000) has occurred while \output is active []

 [63]
Package atveryend Info: Empty hook `BeforeClearDocument' on input line 2870.

[64]
Package atveryend Info: Empty hook `AfterLastShipout' on input line 2870.
 ("final report ML.aux")
Package atveryend Info: Executing hook `AtVeryEndDocument' on input line 2870.
Package atveryend Info: Executing hook `AtEndAfterFileList' on input line 2870.

Package rerunfilecheck Info: File `"final report ML".out' has not changed.
(rerunfilecheck)             Checksum: A9741172C75F89A064FBD09255B693B4;2062.


LaTeX Font Warning: Some font shapes were not available, defaults substituted.

Package atveryend Info: Empty hook `AtVeryVeryEnd' on input line 2870.
 ) 
Here is how much of TeX's memory you used:
 16471 strings out of 493333
 248188 string characters out of 3139191
 780312 words of memory out of 3000000
 17147 multiletter control sequences out of 15000+200000
 89275 words of font info for 315 fonts, out of 3000000 for 9000
 1141 hyphenation exceptions out of 8191
 40i,19n,46p,1543b,1894s stack positions out of 5000i,500n,10000p,200000b,50000s
 <C:\Users\Harvey\AppData\Local\MiKTeX\2.9\fonts\pk\ljfour\jknappen\ec\dpi600
\ecit1000.pk> <C:\Users\Harvey\AppData\Local\MiKTeX\2.9\fonts\pk\ljfour\jknappe
n\ec\dpi600\ectt1000.pk>{C:/Program Files/MiKTeX 2.9/fonts/enc/dvips/base/8r.en
c}<C:/Program Files/MiKTeX 2.9/fonts/type1/public/amsfonts/cm/cmex10.pfb><C:/Pr
ogram Files/MiKTeX 2.9/fonts/type1/public/amsfonts/cm/cmmi10.pfb><C:/Program Fi
les/MiKTeX 2.9/fonts/type1/public/amsfonts/cm/cmr10.pfb><C:/Program Files/MiKTe
X 2.9/fonts/type1/public/amsfonts/cm/cmsy10.pfb><C:/Program Files/MiKTeX 2.9/fo
nts/type1/public/mathpazo/fplmbi.pfb><C:/Program Files/MiKTeX 2.9/fonts/type1/p
ublic/mathpazo/fplmr.pfb><C:/Program Files/MiKTeX 2.9/fonts/type1/public/mathpa
zo/fplmri.pfb><C:/Program Files/MiKTeX 2.9/fonts/type1/public/fpl/fplrc8a.pfb><
C:/Program Files/MiKTeX 2.9/fonts/type1/urw/palatino/uplb8a.pfb><C:/Program Fil
es/MiKTeX 2.9/fonts/type1/urw/palatino/uplbi8a.pfb><C:/Program Files/MiKTeX 2.9
/fonts/type1/urw/palatino/uplr8a.pfb><C:/Program Files/MiKTeX 2.9/fonts/type1/u
rw/palatino/uplri8a.pfb>
Output written on "final report ML.pdf" (66 pages, 3913398 bytes).
PDF statistics:
 3444 PDF objects out of 3580 (max. 8388607)
 2294 named destinations out of 2487 (max. 500000)
 54708 words of extra memory for PDF output out of 61914 (max. 10000000)

