\BOOKMARK [1][-]{section.1}{Introduction}{}% 1
\BOOKMARK [1][-]{section.2}{Investigations}{}% 2
\BOOKMARK [2][-]{subsection.2.1}{Dynamic Simulations}{section.2}% 3
\BOOKMARK [3][-]{subsubsection.2.1.1}{Rollout}{subsection.2.1}% 4
\BOOKMARK [3][-]{subsubsection.2.1.2}{Change of state}{subsection.2.1}% 5
\BOOKMARK [2][-]{subsection.2.2}{Modelling}{section.2}% 6
\BOOKMARK [3][-]{subsubsection.2.2.1}{Data collection}{subsection.2.2}% 7
\BOOKMARK [3][-]{subsubsection.2.2.2}{Train linear model}{subsection.2.2}% 8
\BOOKMARK [3][-]{subsubsection.2.2.3}{Test linear model}{subsection.2.2}% 9
\BOOKMARK [3][-]{subsubsection.2.2.4}{Quasi-random data collection}{subsection.2.2}% 10
\BOOKMARK [3][-]{subsubsection.2.2.5}{Train non-linear model}{subsection.2.2}% 11
\BOOKMARK [3][-]{subsubsection.2.2.6}{Test non-linear model}{subsection.2.2}% 12
\BOOKMARK [3][-]{subsubsection.2.2.7}{Inclusion of force}{subsection.2.2}% 13
\BOOKMARK [2][-]{subsection.2.3}{Control}{section.2}% 14
\BOOKMARK [3][-]{subsubsection.2.3.1}{Linear control}{subsection.2.3}% 15
\BOOKMARK [3][-]{subsubsection.2.3.2}{Non-linear control}{subsection.2.3}% 16
\BOOKMARK [3][-]{subsubsection.2.3.3}{Non-linear control training}{subsection.2.3}% 17
\BOOKMARK [3][-]{subsubsection.2.3.4}{Basis locations}{subsection.2.3}% 18
\BOOKMARK [3][-]{subsubsection.2.3.5}{Extensions}{subsection.2.3}% 19
\BOOKMARK [2][-]{subsection.2.4}{Noise}{section.2}% 20
\BOOKMARK [2][-]{subsection.2.5}{Bayesian learning}{section.2}% 21
\BOOKMARK [1][-]{section.3}{Conclusion}{}% 22
\BOOKMARK [1][-]{section.4}{References}{}% 23
\BOOKMARK [1][-]{section.5}{Appendix}{}% 24
\BOOKMARK [2][-]{subsection.5.1}{Task\1371\137Functions.py}{section.5}% 25
\BOOKMARK [2][-]{subsection.5.2}{Linear\137Modelling.py}{section.5}% 26
\BOOKMARK [2][-]{subsection.5.3}{Non\137Linear\137Modelling.py}{section.5}% 27
\BOOKMARK [2][-]{subsection.5.4}{Control.py}{section.5}% 28
\BOOKMARK [2][-]{subsection.5.5}{Cartpole.py}{section.5}% 29
\BOOKMARK [2][-]{subsection.5.6}{Plotting test file}{section.5}% 30
